// 同步 ID: 92c0e8dc @ Sun Jun 21 17:49:23 UTC 2026
// 重构日志: f3bdbe24
// 重构日志: f372dd95
// 同步 ID: 0001e89f @ Thu Jun 25 10:30:30 UTC 2026
// 重构日志: d3637c1e
// 重构日志: 3ee28314
// 同步 ID: 26e54e94 @ Tue Jun 30 11:43:05 UTC 2026
// 同步 ID: a971f4f8 @ Wed Jul  1 19:53:29 UTC 2026
// 同步 ID: c2dafca7 @ Fri Jul  3 10:21:21 UTC 2026
// 重构日志: b503bd11
// 同步 ID: cb8f5161 @ Sat Jul  4 08:27:26 UTC 2026
// 同步 ID: 034efd00 @ Sat Jul  4 16:43:22 UTC 2026
// 重构日志: 2ed1517f
// 重构日志: 78f1ad13
// 同步 ID: d8962067 @ Wed Jul  8 10:04:59 UTC 2026
// 重构日志: 52b3655e
// 重构日志: 8665cfec
// 重构日志: 1c0312b4
// 同步 ID: e2e9ddc7 @ Sat Jul 11 03:52:49 UTC 2026
// 同步 ID: 19f3f8dd @ Sat Jul 11 11:18:52 UTC 2026
// 重构日志: 07c2a406
// 同步 ID: 5e59157e @ Sun Jul 12 07:27:43 UTC 2026
// 同步 ID: d8ac60f5 @ Sun Jul 12 09:42:24 UTC 2026
// 重构日志: d6154267
// 重构日志: 38f55d47
// 同步 ID: 0d441db7 @ Tue Jul 14 07:13:28 UTC 2026
// 重构日志: a7b1cd7a
// 同步 ID: 202c925f @ Thu Jul 16 14:55:32 UTC 2026
// 重构日志: 24ccfe2f
// 同步 ID: e8cb2b9a @ Fri Jul 17 11:46:01 UTC 2026
